TN:
SF:server.ts
FN:1,(anonymous_1)
FN:17,(anonymous_7)
FN:21,(anonymous_8)
FN:26,(anonymous_9)
FN:31,(anonymous_10)
FN:36,(anonymous_11)
FNF:6
FNH:1
FNDA:10,(anonymous_1)
FNDA:0,(anonymous_7)
FNDA:0,(anonymous_8)
FNDA:0,(anonymous_9)
FNDA:0,(anonymous_10)
FNDA:0,(anonymous_11)
DA:1,102
DA:2,2
DA:3,2
DA:4,2
DA:6,0
DA:7,0
DA:9,0
DA:10,0
DA:12,0
DA:13,0
DA:14,0
DA:15,0
DA:17,0
DA:18,0
DA:21,0
DA:22,0
DA:23,0
DA:26,0
DA:27,0
DA:28,0
DA:31,0
DA:32,0
DA:33,0
DA:36,0
DA:37,0
DA:38,0
DA:39,0
LF:27
LH:4
BRDA:1,0,0,32
BRDA:1,1,0,6
BRDA:1,1,1,6
BRDA:1,1,2,4
BRDA:1,2,0,60
BRDA:1,2,1,56
BRDA:39,3,0,0
BRDA:39,3,1,0
BRF:8
BRH:6
end_of_record
